<?xml version="1.0" encoding="UTF-8"?>
<!-- Generated by org.testng.reporters.JUnitReportReporter -->
<testsuite hostname="Piyush-PC" failures="0" tests="2" name="practise.Practise1" time="0.072" errors="0" timestamp="19 Mar 2024 08:52:05 GMT">
  <testcase classname="practise.Practise1" name="tC2" time="0.033"/>
  <testcase classname="practise.Practise1" name="tC1" time="0.039"/>
</testsuite> <!-- practise.Practise1 -->
