<?xml version="1.0" encoding="UTF-8"?>
<!-- Generated by org.testng.reporters.JUnitReportReporter -->
<testsuite hostname="Piyush-PC" failures="0" tests="5" name="javaUdemyLectors.Java_Streams_115" time="0.103" errors="0" timestamp="29 Feb 2024 12:45:08 GMT">
  <testcase classname="javaUdemyLectors.Java_Streams_115" name="streamMap" time="0.022"/>
  <testcase classname="javaUdemyLectors.Java_Streams_115" name="streamCollect" time="0.007"/>
  <testcase classname="javaUdemyLectors.Java_Streams_115" name="printOnlyDistinctValues" time="0.028"/>
  <testcase classname="javaUdemyLectors.Java_Streams_115" name="mergeArrayList" time="0.030"/>
  <testcase classname="javaUdemyLectors.Java_Streams_115" name="streamFilter" time="0.016"/>
</testsuite> <!-- javaUdemyLectors.Java_Streams_115 -->
